<?xml version="1.0" encoding="UTF-8"?>
<testsuite name="org.example.TestMain" tests="12" skipped="0" failures="0" errors="0" timestamp="2024-01-02T12:07:15" hostname="DESKTOP-0TLBRID" time="0.129">
  <properties/>
  <testcase name="coliziuniCicluStudiiContestatii10()" classname="org.example.TestMain" time="0.041"/>
  <testcase name="coliziuniMedie08()" classname="org.example.TestMain" time="0.006"/>
  <testcase name="toateFunctionalitatile12()" classname="org.example.TestMain" time="0.009"/>
  <testcase name="inroleazaSimplu05()" classname="org.example.TestMain" time="0.006"/>
  <testcase name="posteazaMedii01()" classname="org.example.TestMain" time="0.006"/>
  <testcase name="posteazaMediiContestatii02()" classname="org.example.TestMain" time="0.004"/>
  <testcase name="posteazaMediiContestatii03()" classname="org.example.TestMain" time="0.007"/>
  <testcase name="posteazaMediiContestatii04()" classname="org.example.TestMain" time="0.004"/>
  <testcase name="inroleazaCicluStudiiContestatii07()" classname="org.example.TestMain" time="0.004"/>
  <testcase name="inroleazaCicluStudii06()" classname="org.example.TestMain" time="0.01"/>
  <testcase name="coliziuniCicluStudii09()" classname="org.example.TestMain" time="0.005"/>
  <testcase name="exceptieSimplu11()" classname="org.example.TestMain" time="0.005"/>
  <system-out><![CDATA[]]></system-out>
  <system-err><![CDATA[]]></system-err>
</testsuite>
